[2025-06-16 06:47:24] Archivo del controlador no encontrado: controlador/VistasController.php
[2025-06-16 06:47:42] Archivo del controlador no encontrado: controlador/VistasController.php
[2025-06-16 06:47:58] Archivo del controlador no encontrado: controlador/VistasController.php
[2025-06-16 06:48:12] Archivo del controlador no encontrado: controlador/VistasController.php
[2025-06-16 06:48:16] Archivo del controlador no encontrado: controlador/VistasController.php
[2025-06-16 06:48:18] Archivo del controlador no encontrado: controlador/VistasController.php
[2025-06-16 06:48:25] Archivo del controlador no encontrado: controlador/VistasController.php
[2025-06-16 06:48:28] Archivo del controlador no encontrado: controlador/VistasController.php
[2025-06-16 06:54:34] Archivo del controlador no encontrado: controlador/VistasController.php
[2025-06-16 06:54:40] Archivo del controlador no encontrado: controlador/AppController.php
[2025-06-16 06:54:40] Archivo del controlador no encontrado: controlador/AppController.php
[2025-06-16 06:54:40] Archivo del controlador no encontrado: controlador/AppController.php
[2025-06-16 06:54:41] Archivo del controlador no encontrado: controlador/VistasController.php
[2025-06-16 06:54:45] Archivo del controlador no encontrado: controlador/AppController.php
[2025-06-16 06:54:45] Archivo del controlador no encontrado: controlador/AppController.php
[2025-06-16 06:54:45] Archivo del controlador no encontrado: controlador/AppController.php
[2025-06-16 06:55:46] Archivo del controlador no encontrado: controlador/AppController.php
[2025-06-16 06:55:46] Archivo del controlador no encontrado: controlador/AppController.php
[2025-06-16 06:55:48] Archivo del controlador no encontrado: controlador/AppController.php
[2025-06-16 06:55:49] Archivo del controlador no encontrado: controlador/AppController.php
[2025-06-16 06:55:50] Archivo del controlador no encontrado: controlador/AppController.php
[2025-06-16 06:55:50] Archivo del controlador no encontrado: controlador/AppController.php
[2025-06-16 06:55:50] Archivo del controlador no encontrado: controlador/AppController.php
[2025-06-16 06:55:52] Archivo del controlador no encontrado: controlador/AppController.php
[2025-06-16 06:55:52] Archivo del controlador no encontrado: controlador/AppController.php
[2025-06-16 06:55:55] Archivo del controlador no encontrado: controlador/VistasController.php
[2025-06-16 06:55:57] Archivo del controlador no encontrado: controlador/AppController.php
[2025-06-16 06:55:57] Archivo del controlador no encontrado: controlador/AppController.php
[2025-06-16 06:55:57] Archivo del controlador no encontrado: controlador/AppController.php
[2025-06-16 07:01:43] Archivo del controlador no encontrado: controlador/AppController.php
[2025-06-16 07:01:43] Archivo del controlador no encontrado: controlador/AppController.php
[2025-06-16 07:01:45] Archivo del controlador no encontrado: controlador/VistasController.php
[2025-06-16 07:01:47] Archivo del controlador no encontrado: controlador/AppController.php
[2025-06-16 07:01:47] Archivo del controlador no encontrado: controlador/AppController.php
[2025-06-16 07:01:47] Archivo del controlador no encontrado: controlador/AppController.php
[2025-06-16 07:01:48] Archivo del controlador no encontrado: controlador/VistasController.php
[2025-06-16 07:01:49] Archivo del controlador no encontrado: controlador/AppController.php
[2025-06-16 07:01:49] Archivo del controlador no encontrado: controlador/AppController.php
[2025-06-16 07:01:49] Archivo del controlador no encontrado: controlador/AppController.php
[2025-06-16 07:01:53] Archivo del controlador no encontrado: controlador/VistasController.php
[2025-06-16 07:01:55] Archivo del controlador no encontrado: controlador/AppController.php
[2025-06-16 07:01:55] Archivo del controlador no encontrado: controlador/AppController.php
[2025-06-16 07:01:55] Archivo del controlador no encontrado: controlador/AppController.php
[2025-06-16 07:01:55] Archivo del controlador no encontrado: controlador/VistasController.php
[2025-06-16 07:01:57] Archivo del controlador no encontrado: controlador/AppController.php
[2025-06-16 07:01:57] Archivo del controlador no encontrado: controlador/AppController.php
[2025-06-16 07:01:57] Archivo del controlador no encontrado: controlador/AppController.php
[2025-06-16 07:01:58] Archivo del controlador no encontrado: controlador/VistasController.php
[2025-06-16 07:01:59] Archivo del controlador no encontrado: controlador/AppController.php
[2025-06-16 07:01:59] Archivo del controlador no encontrado: controlador/AppController.php
[2025-06-16 07:01:59] Archivo del controlador no encontrado: controlador/AppController.php
[2025-06-16 07:02:00] Archivo del controlador no encontrado: controlador/VistasController.php
[2025-06-16 07:02:01] Archivo del controlador no encontrado: controlador/AppController.php
[2025-06-16 07:02:01] Archivo del controlador no encontrado: controlador/AppController.php
[2025-06-16 07:02:01] Archivo del controlador no encontrado: controlador/AppController.php
[2025-06-16 07:02:05] Archivo del controlador no encontrado: controlador/VistasController.php
[2025-06-16 07:02:08] Archivo del controlador no encontrado: controlador/AppController.php
[2025-06-16 07:02:08] Archivo del controlador no encontrado: controlador/AppController.php
[2025-06-16 07:02:08] Archivo del controlador no encontrado: controlador/AppController.php
[2025-06-16 07:08:16] Archivo del controlador no encontrado: controlador/VistasController.php
[2025-06-16 07:08:53] Archivo del controlador no encontrado: controlador/AppController.php
[2025-06-16 07:08:53] Archivo del controlador no encontrado: controlador/AppController.php
[2025-06-16 07:11:34] Archivo del controlador no encontrado: controlador/AppController.php
[2025-06-16 07:11:34] Archivo del controlador no encontrado: controlador/AppController.php
[2025-06-16 07:11:36] Archivo del controlador no encontrado: controlador/AppController.php
[2025-06-16 07:11:36] Archivo del controlador no encontrado: controlador/AppController.php
[2025-06-16 07:11:44] Archivo del controlador no encontrado: controlador/AppController.php
[2025-06-16 07:11:45] Archivo del controlador no encontrado: controlador/AppController.php
[2025-06-16 07:43:44] Archivo del controlador no encontrado: controlador/AppController.php
[2025-06-16 07:43:44] Archivo del controlador no encontrado: controlador/AppController.php
[2025-06-16 07:43:49] Archivo del controlador no encontrado: controlador/AppController.php
[2025-06-16 07:43:49] Archivo del controlador no encontrado: controlador/AppController.php
[2025-06-16 07:43:51] Archivo del controlador no encontrado: controlador/AppController.php
[2025-06-16 07:43:51] Archivo del controlador no encontrado: controlador/AppController.php
[2025-06-16 07:45:17] Archivo del controlador no encontrado: controlador/AppController.php
[2025-06-16 07:45:17] Archivo del controlador no encontrado: controlador/AppController.php
[2025-06-16 07:47:20] Archivo del controlador no encontrado: controlador/AppController.php
[2025-06-16 07:47:20] Archivo del controlador no encontrado: controlador/AppController.php
[2025-06-16 07:47:22] Archivo del controlador no encontrado: controlador/AppController.php
[2025-06-16 07:47:22] Archivo del controlador no encontrado: controlador/AppController.php
[2025-06-16 07:48:52] Archivo del controlador no encontrado: controlador/AppController.php
[2025-06-16 07:48:52] Archivo del controlador no encontrado: controlador/AppController.php
[2025-06-16 07:48:55] Archivo del controlador no encontrado: controlador/AppController.php
[2025-06-16 07:48:55] Archivo del controlador no encontrado: controlador/AppController.php
[2025-06-16 07:48:56] Archivo del controlador no encontrado: controlador/AppController.php
[2025-06-16 07:48:56] Archivo del controlador no encontrado: controlador/AppController.php
[2025-06-16 07:49:10] Archivo del controlador no encontrado: controlador/AppController.php
[2025-06-16 07:49:10] Archivo del controlador no encontrado: controlador/AppController.php
[2025-06-16 07:56:40] Archivo del controlador no encontrado: controlador/AppController.php
[2025-06-16 07:56:40] Archivo del controlador no encontrado: controlador/AppController.php
[2025-06-16 07:56:40] Archivo del controlador no encontrado: controlador/AppController.php
[2025-06-16 07:56:43] Archivo del controlador no encontrado: controlador/AppController.php
[2025-06-16 07:56:44] Archivo del controlador no encontrado: controlador/AppController.php
[2025-06-16 07:56:44] Archivo del controlador no encontrado: controlador/AppController.php
[2025-06-16 07:56:44] Archivo del controlador no encontrado: controlador/AppController.php
[2025-06-16 07:56:44] Archivo del controlador no encontrado: controlador/AppController.php
[2025-06-16 07:56:44] Archivo del controlador no encontrado: controlador/AppController.php
[2025-06-16 07:57:19] Archivo del controlador no encontrado: controlador/AppController.php
[2025-06-16 07:57:19] Archivo del controlador no encontrado: controlador/AppController.php
[2025-06-16 07:57:20] Archivo del controlador no encontrado: controlador/AppController.php
[2025-06-16 07:57:22] Archivo del controlador no encontrado: controlador/AppController.php
[2025-06-16 07:57:22] Archivo del controlador no encontrado: controlador/AppController.php
[2025-06-16 07:57:22] Archivo del controlador no encontrado: controlador/AppController.php
[2025-06-16 07:57:27] Archivo del controlador no encontrado: controlador/AppController.php
[2025-06-16 07:57:27] Archivo del controlador no encontrado: controlador/AppController.php
[2025-06-16 07:57:27] Archivo del controlador no encontrado: controlador/AppController.php
[2025-06-16 08:00:55] Archivo del controlador no encontrado: controlador/AppController.php
[2025-06-16 08:00:55] Archivo del controlador no encontrado: controlador/AppController.php
[2025-06-16 08:00:55] Archivo del controlador no encontrado: controlador/AppController.php
[2025-06-16 08:00:56] Archivo del controlador no encontrado: controlador/AppController.php
[2025-06-16 08:00:59] Archivo del controlador no encontrado: controlador/AppController.php
[2025-06-16 08:00:59] Archivo del controlador no encontrado: controlador/AppController.php
[2025-06-16 08:00:59] Archivo del controlador no encontrado: controlador/AppController.php
[2025-06-16 08:00:59] Archivo del controlador no encontrado: controlador/AppController.php
[2025-06-16 08:01:00] Archivo del controlador no encontrado: controlador/AppController.php
[2025-06-16 08:01:00] Archivo del controlador no encontrado: controlador/AppController.php
[2025-06-16 08:01:00] Archivo del controlador no encontrado: controlador/AppController.php
[2025-06-16 08:01:00] Archivo del controlador no encontrado: controlador/AppController.php
[2025-06-16 08:01:03] Archivo del controlador no encontrado: controlador/AppController.php
[2025-06-16 08:01:03] Archivo del controlador no encontrado: controlador/AppController.php
[2025-06-16 08:01:05] Archivo del controlador no encontrado: controlador/AppController.php
[2025-06-16 08:01:05] Archivo del controlador no encontrado: controlador/AppController.php
[2025-06-16 08:01:06] Archivo del controlador no encontrado: controlador/AppController.php
[2025-06-16 08:01:06] Archivo del controlador no encontrado: controlador/AppController.php
[2025-06-16 08:01:14] Archivo del controlador no encontrado: controlador/AppController.php
[2025-06-16 08:01:14] Archivo del controlador no encontrado: controlador/AppController.php
[2025-06-16 16:42:09] Archivo del controlador no encontrado: controlador/VistasController.php
[2025-06-16 16:42:17] Archivo del controlador no encontrado: controlador/AppController.php
[2025-06-16 16:42:17] Archivo del controlador no encontrado: controlador/AppController.php
[2025-06-16 16:42:17] Archivo del controlador no encontrado: controlador/VistasController.php
[2025-06-16 18:28:51] Archivo del controlador no encontrado: controlador/AppController.php
[2025-06-16 18:28:51] Archivo del controlador no encontrado: controlador/AppController.php
[2025-06-16 18:31:01] Archivo del controlador no encontrado: controlador/AppController.php
[2025-06-16 18:31:01] Archivo del controlador no encontrado: controlador/AppController.php
[2025-06-16 18:31:05] Archivo del controlador no encontrado: controlador/VistasController.php
[2025-06-16 18:31:06] Archivo del controlador no encontrado: controlador/VistasController.php
[2025-06-16 18:31:06] Archivo del controlador no encontrado: controlador/VistasController.php
[2025-06-16 18:31:07] Archivo del controlador no encontrado: controlador/VistasController.php
[2025-06-16 18:31:07] Archivo del controlador no encontrado: controlador/VistasController.php
[2025-06-16 18:31:07] Archivo del controlador no encontrado: controlador/VistasController.php
[2025-06-16 18:31:08] Archivo del controlador no encontrado: controlador/VistasController.php
[2025-06-16 18:31:08] Archivo del controlador no encontrado: controlador/VistasController.php
[2025-06-16 18:31:09] Archivo del controlador no encontrado: controlador/VistasController.php
[2025-06-16 19:24:26] Archivo del controlador no encontrado: controlador/AppController.php
[2025-06-16 19:24:26] Archivo del controlador no encontrado: controlador/AppController.php
[2025-06-16 19:24:30] Archivo del controlador no encontrado: controlador/AppController.php
[2025-06-16 19:24:30] Archivo del controlador no encontrado: controlador/AppController.php
[2025-06-17 06:00:49] Archivo del controlador no encontrado: controlador/AppController.php
[2025-06-17 06:00:49] Archivo del controlador no encontrado: controlador/AppController.php
[2025-06-17 06:00:49] Archivo del controlador no encontrado: controlador/AppController.php
[2025-06-17 06:03:02] Archivo del controlador no encontrado: controlador/AppController.php
[2025-06-17 06:03:02] Archivo del controlador no encontrado: controlador/AppController.php
[2025-06-17 06:03:02] Archivo del controlador no encontrado: controlador/AppController.php
[2025-06-17 06:03:03] Archivo del controlador no encontrado: controlador/AppController.php
[2025-06-17 06:03:03] Archivo del controlador no encontrado: controlador/AppController.php
[2025-06-17 06:03:03] Archivo del controlador no encontrado: controlador/AppController.php
[2025-06-17 06:07:28] Archivo del controlador no encontrado: controlador/AppController.php
[2025-06-17 06:07:28] Archivo del controlador no encontrado: controlador/AppController.php
[2025-06-17 06:07:28] Archivo del controlador no encontrado: controlador/AppController.php
[2025-06-17 06:07:28] Archivo del controlador no encontrado: controlador/AppController.php
[2025-06-17 06:11:12] Archivo del controlador no encontrado: controlador/AppController.php
[2025-06-17 06:16:09] Archivo del controlador no encontrado: controlador/AppController.php
[2025-06-17 06:16:09] Archivo del controlador no encontrado: controlador/AppController.php
[2025-06-17 06:16:09] Archivo del controlador no encontrado: controlador/AppController.php
[2025-06-17 06:16:09] Archivo del controlador no encontrado: controlador/AppController.php
[2025-06-17 06:16:09] Archivo del controlador no encontrado: controlador/AppController.php
[2025-06-17 06:16:09] Archivo del controlador no encontrado: controlador/AppController.php
[2025-06-17 06:16:09] Archivo del controlador no encontrado: controlador/AppController.php
[2025-06-17 06:16:09] Archivo del controlador no encontrado: controlador/AppController.php
[2025-06-17 06:16:09] Archivo del controlador no encontrado: controlador/AppController.php
[2025-06-17 06:16:09] Archivo del controlador no encontrado: controlador/AppController.php
[2025-06-17 06:16:10] Archivo del controlador no encontrado: controlador/AppController.php
[2025-06-17 06:16:10] Archivo del controlador no encontrado: controlador/AppController.php
[2025-06-17 06:16:10] Archivo del controlador no encontrado: controlador/AppController.php
[2025-06-17 06:16:10] Archivo del controlador no encontrado: controlador/AppController.php
[2025-06-17 06:16:11] Archivo del controlador no encontrado: controlador/AppController.php
[2025-06-17 06:16:11] Archivo del controlador no encontrado: controlador/AppController.php
[2025-06-17 06:16:11] Archivo del controlador no encontrado: controlador/AppController.php
[2025-06-17 06:16:11] Archivo del controlador no encontrado: controlador/AppController.php
[2025-06-17 06:16:11] Archivo del controlador no encontrado: controlador/AppController.php
[2025-06-17 06:16:11] Archivo del controlador no encontrado: controlador/AppController.php
[2025-06-17 06:16:11] Archivo del controlador no encontrado: controlador/AppController.php
[2025-06-17 06:16:11] Archivo del controlador no encontrado: controlador/AppController.php
[2025-06-17 06:16:11] Archivo del controlador no encontrado: controlador/AppController.php
[2025-06-17 06:16:11] Archivo del controlador no encontrado: controlador/AppController.php
[2025-06-17 06:16:12] Archivo del controlador no encontrado: controlador/AppController.php
[2025-06-17 06:16:12] Archivo del controlador no encontrado: controlador/AppController.php
[2025-06-17 06:16:12] Archivo del controlador no encontrado: controlador/AppController.php
[2025-06-17 06:16:12] Archivo del controlador no encontrado: controlador/AppController.php
[2025-06-17 06:16:12] Archivo del controlador no encontrado: controlador/AppController.php
[2025-06-17 06:16:12] Archivo del controlador no encontrado: controlador/AppController.php
[2025-06-17 06:16:12] Archivo del controlador no encontrado: controlador/AppController.php
[2025-06-17 06:16:47] Archivo del controlador no encontrado: controlador/AppController.php
[2025-06-17 06:16:47] Archivo del controlador no encontrado: controlador/AppController.php
[2025-06-17 06:16:47] Archivo del controlador no encontrado: controlador/AppController.php
[2025-06-17 06:16:47] Archivo del controlador no encontrado: controlador/AppController.php
[2025-06-17 06:16:47] Archivo del controlador no encontrado: controlador/AppController.php
[2025-06-17 06:16:47] Archivo del controlador no encontrado: controlador/AppController.php
[2025-06-17 06:16:47] Archivo del controlador no encontrado: controlador/AppController.php
[2025-06-17 06:16:47] Archivo del controlador no encontrado: controlador/AppController.php
[2025-06-17 06:16:47] Archivo del controlador no encontrado: controlador/AppController.php
[2025-06-17 06:16:47] Archivo del controlador no encontrado: controlador/AppController.php
[2025-06-17 06:16:47] Archivo del controlador no encontrado: controlador/AppController.php
[2025-06-17 06:16:47] Archivo del controlador no encontrado: controlador/AppController.php
[2025-06-17 06:16:47] Archivo del controlador no encontrado: controlador/AppController.php
[2025-06-17 06:16:48] Archivo del controlador no encontrado: controlador/AppController.php
[2025-06-17 06:16:48] Archivo del controlador no encontrado: controlador/AppController.php
[2025-06-17 06:16:48] Archivo del controlador no encontrado: controlador/AppController.php
[2025-06-17 06:16:48] Archivo del controlador no encontrado: controlador/AppController.php
[2025-06-17 06:16:48] Archivo del controlador no encontrado: controlador/AppController.php
[2025-06-17 06:16:48] Archivo del controlador no encontrado: controlador/AppController.php
[2025-06-17 06:16:48] Archivo del controlador no encontrado: controlador/AppController.php
[2025-06-17 06:16:48] Archivo del controlador no encontrado: controlador/AppController.php
[2025-06-17 06:16:48] Archivo del controlador no encontrado: controlador/AppController.php
[2025-06-17 06:16:48] Archivo del controlador no encontrado: controlador/AppController.php
[2025-06-17 06:16:48] Archivo del controlador no encontrado: controlador/AppController.php
[2025-06-17 06:16:48] Archivo del controlador no encontrado: controlador/AppController.php
[2025-06-17 06:16:48] Archivo del controlador no encontrado: controlador/AppController.php
[2025-06-17 06:16:48] Archivo del controlador no encontrado: controlador/AppController.php
[2025-06-17 06:16:48] Archivo del controlador no encontrado: controlador/AppController.php
[2025-06-17 06:16:48] Archivo del controlador no encontrado: controlador/AppController.php
[2025-06-17 06:16:48] Archivo del controlador no encontrado: controlador/AppController.php
[2025-06-17 06:16:48] Archivo del controlador no encontrado: controlador/AppController.php
[2025-06-17 06:16:48] Archivo del controlador no encontrado: controlador/AppController.php
[2025-06-17 06:16:48] Archivo del controlador no encontrado: controlador/AppController.php
[2025-06-17 06:16:48] Archivo del controlador no encontrado: controlador/AppController.php
[2025-06-17 06:16:48] Archivo del controlador no encontrado: controlador/AppController.php
[2025-06-17 06:16:48] Archivo del controlador no encontrado: controlador/AppController.php
[2025-06-17 06:16:48] Archivo del controlador no encontrado: controlador/AppController.php
[2025-06-17 06:16:48] Archivo del controlador no encontrado: controlador/AppController.php
[2025-06-17 06:16:48] Archivo del controlador no encontrado: controlador/AppController.php
[2025-06-17 06:17:10] Archivo del controlador no encontrado: controlador/AppController.php
[2025-06-17 06:17:10] Archivo del controlador no encontrado: controlador/AppController.php
[2025-06-17 06:17:10] Archivo del controlador no encontrado: controlador/AppController.php
[2025-06-17 06:17:10] Archivo del controlador no encontrado: controlador/AppController.php
[2025-06-17 06:17:10] Archivo del controlador no encontrado: controlador/AppController.php
[2025-06-17 06:17:10] Archivo del controlador no encontrado: controlador/AppController.php
[2025-06-17 06:17:10] Archivo del controlador no encontrado: controlador/AppController.php
[2025-06-17 06:17:10] Archivo del controlador no encontrado: controlador/AppController.php
[2025-06-17 06:17:10] Archivo del controlador no encontrado: controlador/AppController.php
[2025-06-17 06:17:10] Archivo del controlador no encontrado: controlador/AppController.php
[2025-06-17 06:17:10] Archivo del controlador no encontrado: controlador/AppController.php
[2025-06-17 06:17:10] Archivo del controlador no encontrado: controlador/AppController.php
[2025-06-17 06:17:10] Archivo del controlador no encontrado: controlador/AppController.php
[2025-06-17 06:18:17] Archivo del controlador no encontrado: controlador/AppController.php
[2025-06-17 06:18:17] Archivo del controlador no encontrado: controlador/AppController.php
[2025-06-17 06:18:17] Archivo del controlador no encontrado: controlador/AppController.php
[2025-06-17 06:18:17] Archivo del controlador no encontrado: controlador/AppController.php
[2025-06-17 06:18:17] Archivo del controlador no encontrado: controlador/AppController.php
[2025-06-17 06:18:17] Archivo del controlador no encontrado: controlador/AppController.php
[2025-06-17 06:18:17] Archivo del controlador no encontrado: controlador/AppController.php
[2025-06-17 06:18:17] Archivo del controlador no encontrado: controlador/AppController.php
[2025-06-17 06:18:17] Archivo del controlador no encontrado: controlador/AppController.php
[2025-06-17 06:18:17] Archivo del controlador no encontrado: controlador/AppController.php
[2025-06-17 06:18:17] Archivo del controlador no encontrado: controlador/AppController.php
[2025-06-17 06:18:17] Archivo del controlador no encontrado: controlador/AppController.php
[2025-06-17 06:18:17] Archivo del controlador no encontrado: controlador/AppController.php
[2025-06-17 06:18:17] Archivo del controlador no encontrado: controlador/AppController.php
[2025-06-17 06:18:17] Archivo del controlador no encontrado: controlador/AppController.php
[2025-06-17 06:18:17] Archivo del controlador no encontrado: controlador/AppController.php
[2025-06-17 06:18:17] Archivo del controlador no encontrado: controlador/AppController.php
[2025-06-17 06:18:17] Archivo del controlador no encontrado: controlador/AppController.php
[2025-06-17 06:18:17] Archivo del controlador no encontrado: controlador/AppController.php
[2025-06-17 06:18:17] Archivo del controlador no encontrado: controlador/AppController.php
[2025-06-17 06:18:17] Archivo del controlador no encontrado: controlador/AppController.php
[2025-06-17 06:18:17] Archivo del controlador no encontrado: controlador/AppController.php
[2025-06-17 06:18:17] Archivo del controlador no encontrado: controlador/AppController.php
[2025-06-17 06:18:17] Archivo del controlador no encontrado: controlador/AppController.php
[2025-06-17 06:18:17] Archivo del controlador no encontrado: controlador/AppController.php
[2025-06-17 06:18:17] Archivo del controlador no encontrado: controlador/AppController.php
[2025-06-17 06:18:17] Archivo del controlador no encontrado: controlador/AppController.php
[2025-06-17 06:18:17] Archivo del controlador no encontrado: controlador/AppController.php
[2025-06-17 06:18:17] Archivo del controlador no encontrado: controlador/AppController.php
[2025-06-17 06:18:17] Archivo del controlador no encontrado: controlador/AppController.php
[2025-06-17 06:18:17] Archivo del controlador no encontrado: controlador/AppController.php
[2025-06-17 06:18:17] Archivo del controlador no encontrado: controlador/AppController.php
[2025-06-17 16:02:12] Archivo del controlador no encontrado: controlador/AppController.php
[2025-06-17 16:02:12] Archivo del controlador no encontrado: controlador/AppController.php
[2025-06-17 16:02:12] Archivo del controlador no encontrado: controlador/AppController.php
[2025-06-17 16:02:12] Archivo del controlador no encontrado: controlador/AppController.php
[2025-06-17 16:02:12] Archivo del controlador no encontrado: controlador/AppController.php
[2025-06-17 16:02:12] Archivo del controlador no encontrado: controlador/AppController.php
[2025-06-17 16:02:12] Archivo del controlador no encontrado: controlador/AppController.php
[2025-06-17 16:02:12] Archivo del controlador no encontrado: controlador/AppController.php
[2025-06-17 16:02:12] Archivo del controlador no encontrado: controlador/AppController.php
[2025-06-17 16:02:12] Archivo del controlador no encontrado: controlador/AppController.php
[2025-06-17 16:02:12] Archivo del controlador no encontrado: controlador/AppController.php
[2025-06-17 16:02:12] Archivo del controlador no encontrado: controlador/AppController.php
[2025-06-17 16:02:12] Archivo del controlador no encontrado: controlador/AppController.php
[2025-06-17 16:02:12] Archivo del controlador no encontrado: controlador/AppController.php
[2025-06-17 16:02:12] Archivo del controlador no encontrado: controlador/AppController.php
[2025-06-17 16:02:12] Archivo del controlador no encontrado: controlador/AppController.php
[2025-06-17 16:02:12] Archivo del controlador no encontrado: controlador/AppController.php
[2025-06-17 16:02:12] Archivo del controlador no encontrado: controlador/AppController.php
[2025-06-17 16:02:12] Archivo del controlador no encontrado: controlador/AppController.php
[2025-06-17 16:02:12] Archivo del controlador no encontrado: controlador/AppController.php
[2025-06-17 16:02:12] Archivo del controlador no encontrado: controlador/AppController.php
[2025-06-17 16:02:12] Archivo del controlador no encontrado: controlador/AppController.php
[2025-06-17 16:02:12] Archivo del controlador no encontrado: controlador/AppController.php
[2025-06-17 16:02:12] Archivo del controlador no encontrado: controlador/AppController.php
[2025-06-17 16:02:12] Archivo del controlador no encontrado: controlador/AppController.php
[2025-06-17 16:02:12] Archivo del controlador no encontrado: controlador/AppController.php
[2025-06-17 16:02:12] Archivo del controlador no encontrado: controlador/AppController.php
[2025-06-17 16:02:12] Archivo del controlador no encontrado: controlador/AppController.php
[2025-06-17 16:02:12] Archivo del controlador no encontrado: controlador/AppController.php
[2025-06-17 16:02:12] Archivo del controlador no encontrado: controlador/AppController.php
[2025-06-17 16:02:12] Archivo del controlador no encontrado: controlador/AppController.php
[2025-06-17 16:02:37] Archivo del controlador no encontrado: controlador/AppController.php
[2025-06-17 16:02:37] Archivo del controlador no encontrado: controlador/AppController.php
[2025-06-17 16:02:37] Archivo del controlador no encontrado: controlador/AppController.php
[2025-06-17 16:02:37] Archivo del controlador no encontrado: controlador/AppController.php
[2025-06-17 16:02:37] Archivo del controlador no encontrado: controlador/AppController.php
[2025-06-17 16:02:37] Archivo del controlador no encontrado: controlador/AppController.php
[2025-06-17 16:02:37] Archivo del controlador no encontrado: controlador/AppController.php
[2025-06-17 16:02:37] Archivo del controlador no encontrado: controlador/AppController.php
[2025-06-17 16:05:52] Archivo del controlador no encontrado: controlador/AppController.php
[2025-06-17 16:05:52] Archivo del controlador no encontrado: controlador/AppController.php
[2025-06-17 16:05:52] Archivo del controlador no encontrado: controlador/AppController.php
[2025-06-17 16:05:52] Archivo del controlador no encontrado: controlador/AppController.php
[2025-06-17 16:05:52] Archivo del controlador no encontrado: controlador/AppController.php
[2025-06-17 16:05:52] Archivo del controlador no encontrado: controlador/AppController.php
[2025-06-17 16:05:52] Archivo del controlador no encontrado: controlador/AppController.php
[2025-06-17 16:05:52] Archivo del controlador no encontrado: controlador/AppController.php
[2025-06-17 16:05:52] Archivo del controlador no encontrado: controlador/AppController.php
[2025-06-17 16:05:52] Archivo del controlador no encontrado: controlador/AppController.php
[2025-06-17 16:05:52] Archivo del controlador no encontrado: controlador/AppController.php
[2025-06-17 16:05:52] Archivo del controlador no encontrado: controlador/AppController.php
[2025-06-17 16:05:52] Archivo del controlador no encontrado: controlador/AppController.php
[2025-06-17 17:04:08] Archivo del controlador no encontrado: controlador/ControladorController.php
[2025-06-17 17:14:58] Archivo del controlador no encontrado: controlador/ControladorController.php
[2025-06-17 20:45:18] Archivo del controlador no encontrado: controlador/ControladorController.php
[2025-06-17 20:52:53] Archivo del controlador no encontrado: controlador/ControladorController.php
[2025-06-17 20:53:01] Archivo del controlador no encontrado: controlador/ControladorController.php
[2025-06-17 20:53:06] Archivo del controlador no encontrado: controlador/ControladorController.php
[2025-06-17 20:53:06] Archivo del controlador no encontrado: controlador/ControladorController.php
[2025-06-17 20:53:47] Archivo del controlador no encontrado: controlador/ControladorController.php
[2025-06-17 20:53:51] Archivo del controlador no encontrado: controlador/ControladorController.php
[2025-06-17 20:53:51] Archivo del controlador no encontrado: controlador/ControladorController.php
[2025-06-17 20:54:20] Archivo del controlador no encontrado: controlador/ControladorController.php
[2025-06-17 21:00:46] Archivo del controlador no encontrado: controlador/ControladorController.php
[2025-06-17 21:04:38] Archivo del controlador no encontrado: controlador/ControladorController.php
[2025-06-17 21:04:40] Archivo del controlador no encontrado: controlador/ControladorController.php
[2025-06-17 21:04:47] Archivo del controlador no encontrado: controlador/ControladorController.php
[2025-06-17 21:07:49] Archivo del controlador no encontrado: controlador/ControladorController.php
[2025-06-17 21:10:48] Archivo del controlador no encontrado: controlador/ControladorController.php
[2025-06-17 21:58:18] Archivo del controlador no encontrado: controlador/ControladorController.php
[2025-06-17 21:58:22] Archivo del controlador no encontrado: controlador/ControladorController.php
[2025-06-17 21:59:07] Archivo del controlador no encontrado: controlador/ControladorController.php
[2025-06-17 22:00:46] Archivo del controlador no encontrado: controlador/ControladorController.php
[2025-06-17 22:00:50] Archivo del controlador no encontrado: controlador/ControladorController.php
[2025-06-19 00:09:30] Archivo del controlador no encontrado: controlador/AppController.php
[2025-06-19 00:09:33] Archivo del controlador no encontrado: controlador/AppController.php
[2025-06-19 00:09:47] Archivo del controlador no encontrado: controlador/AppController.php
[2025-06-19 00:09:57] Archivo del controlador no encontrado: controlador/AppController.php
[2025-06-19 00:10:00] Archivo del controlador no encontrado: controlador/AppController.php
[2025-06-19 00:10:02] Archivo del controlador no encontrado: controlador/AppController.php
[2025-06-19 00:10:02] Error en la preparación de la consulta: Table 'pacific_compressor.cliente_local' doesn't exist - SQL: SELECT cl.*, c.razon_social
                  FROM cliente_local cl
             INNER JOIN cliente c ON cl.cliente_id = c.id
             ORDER BY cl.nombre
[2025-06-19 00:10:03] Archivo del controlador no encontrado: controlador/AppController.php
[2025-06-19 00:10:03] Archivo del controlador no encontrado: controlador/AppController.php
[2025-06-19 00:10:05] Archivo del controlador no encontrado: controlador/VistasController.php
[2025-06-19 00:10:05] Archivo del controlador no encontrado: controlador/VistasController.php
[2025-06-19 00:10:06] Archivo del controlador no encontrado: controlador/VistasController.php
[2025-06-19 00:10:06] Archivo del controlador no encontrado: controlador/VistasController.php
[2025-06-19 00:10:07] Archivo del controlador no encontrado: controlador/VistasController.php
[2025-06-19 00:10:08] Archivo del controlador no encontrado: controlador/VistasController.php
[2025-06-19 00:10:09] Archivo del controlador no encontrado: controlador/VistasController.php
[2025-06-19 00:15:15] Archivo del controlador no encontrado: controlador/AppController.php
[2025-06-19 00:15:21] Archivo del controlador no encontrado: controlador/AppController.php
[2025-06-19 00:19:27] Archivo del controlador no encontrado: controlador/AppController.php
[2025-06-19 00:19:27] Archivo del controlador no encontrado: controlador/VistasController.php
[2025-06-19 00:19:29] Archivo del controlador no encontrado: controlador/AppController.php
[2025-06-19 00:19:29] Archivo del controlador no encontrado: controlador/VistasController.php
[2025-06-19 00:19:32] Archivo del controlador no encontrado: controlador/AppController.php
[2025-06-19 00:19:32] Archivo del controlador no encontrado: controlador/AppController.php
[2025-06-19 00:22:22] Archivo del controlador no encontrado: controlador/AppController.php
[2025-06-19 00:22:22] Archivo del controlador no encontrado: controlador/AppController.php
[2025-06-19 00:22:22] Archivo del controlador no encontrado: controlador/AppController.php
[2025-06-19 00:29:48] Archivo del controlador no encontrado: controlador/AppController.php
[2025-06-19 00:29:48] Archivo del controlador no encontrado: controlador/AppController.php
[2025-06-19 00:29:48] Archivo del controlador no encontrado: controlador/AppController.php
[2025-06-19 00:29:53] Archivo del controlador no encontrado: controlador/AppController.php
[2025-06-19 00:29:53] Archivo del controlador no encontrado: controlador/AppController.php
[2025-06-19 00:29:53] Archivo del controlador no encontrado: controlador/AppController.php
[2025-06-19 00:29:58] Archivo del controlador no encontrado: controlador/AppController.php
[2025-06-19 00:29:58] Archivo del controlador no encontrado: controlador/AppController.php
[2025-06-19 00:29:58] Archivo del controlador no encontrado: controlador/AppController.php
[2025-06-19 00:30:21] Archivo del controlador no encontrado: controlador/AppController.php
[2025-06-19 00:30:21] Archivo del controlador no encontrado: controlador/AppController.php
[2025-06-19 00:30:21] Archivo del controlador no encontrado: controlador/AppController.php
[2025-06-19 00:30:26] Archivo del controlador no encontrado: controlador/AppController.php
[2025-06-19 00:30:26] Archivo del controlador no encontrado: controlador/AppController.php
[2025-06-19 00:30:26] Archivo del controlador no encontrado: controlador/AppController.php
[2025-06-19 00:32:02] Archivo del controlador no encontrado: controlador/AppController.php
[2025-06-19 00:32:02] Archivo del controlador no encontrado: controlador/AppController.php
[2025-06-19 00:32:02] Archivo del controlador no encontrado: controlador/AppController.php
[2025-06-19 00:36:32] Archivo del controlador no encontrado: controlador/AppController.php
[2025-06-19 00:36:32] Archivo del controlador no encontrado: controlador/AppController.php
[2025-06-19 00:36:33] Archivo del controlador no encontrado: controlador/AppController.php
[2025-06-19 00:36:41] Archivo del controlador no encontrado: controlador/AppController.php
[2025-06-19 00:36:41] Archivo del controlador no encontrado: controlador/AppController.php
[2025-06-19 00:36:41] Archivo del controlador no encontrado: controlador/AppController.php
[2025-06-19 00:40:16] Archivo del controlador no encontrado: controlador/AppController.php
[2025-06-19 00:40:16] Archivo del controlador no encontrado: controlador/AppController.php
[2025-06-19 00:40:16] Archivo del controlador no encontrado: controlador/AppController.php
[2025-06-19 00:40:24] Archivo del controlador no encontrado: controlador/AppController.php
[2025-06-19 00:40:24] Archivo del controlador no encontrado: controlador/AppController.php
[2025-06-19 00:40:25] Archivo del controlador no encontrado: controlador/AppController.php
[2025-06-19 00:42:40] Archivo del controlador no encontrado: controlador/AppController.php
[2025-06-19 00:42:40] Archivo del controlador no encontrado: controlador/AppController.php
[2025-06-19 00:42:40] Archivo del controlador no encontrado: controlador/AppController.php
[2025-06-19 00:42:42] Archivo del controlador no encontrado: controlador/AppController.php
[2025-06-19 00:42:42] Archivo del controlador no encontrado: controlador/AppController.php
[2025-06-19 00:42:42] Archivo del controlador no encontrado: controlador/AppController.php
[2025-06-19 00:43:41] Archivo del controlador no encontrado: controlador/AppController.php
[2025-06-19 00:43:41] Archivo del controlador no encontrado: controlador/AppController.php
[2025-06-19 00:43:41] Archivo del controlador no encontrado: controlador/AppController.php
[2025-06-19 00:43:45] Archivo del controlador no encontrado: controlador/AppController.php
[2025-06-19 00:43:45] Archivo del controlador no encontrado: controlador/AppController.php
[2025-06-19 00:43:46] Archivo del controlador no encontrado: controlador/AppController.php
[2025-06-19 00:43:47] Archivo del controlador no encontrado: controlador/AppController.php
[2025-06-19 00:43:47] Archivo del controlador no encontrado: controlador/AppController.php
[2025-06-19 00:43:47] Archivo del controlador no encontrado: controlador/AppController.php
[2025-06-19 00:43:51] Archivo del controlador no encontrado: controlador/AppController.php
[2025-06-19 00:43:52] Archivo del controlador no encontrado: controlador/AppController.php
[2025-06-19 00:43:52] Archivo del controlador no encontrado: controlador/AppController.php
[2025-06-19 00:43:54] Archivo del controlador no encontrado: controlador/AppController.php
[2025-06-19 00:43:54] Archivo del controlador no encontrado: controlador/AppController.php
[2025-06-19 00:43:54] Archivo del controlador no encontrado: controlador/AppController.php
[2025-06-19 00:44:38] Archivo del controlador no encontrado: controlador/AppController.php
[2025-06-19 00:44:38] Archivo del controlador no encontrado: controlador/AppController.php
[2025-06-19 00:44:38] Archivo del controlador no encontrado: controlador/AppController.php
[2025-06-19 00:44:44] Archivo del controlador no encontrado: controlador/AppController.php
[2025-06-19 00:46:12] Archivo del controlador no encontrado: controlador/AppController.php
[2025-06-19 00:46:46] Archivo del controlador no encontrado: controlador/AppController.php
[2025-06-19 00:47:15] Archivo del controlador no encontrado: controlador/AppController.php
[2025-06-19 00:47:15] Archivo del controlador no encontrado: controlador/AppController.php
[2025-06-19 00:47:18] Archivo del controlador no encontrado: controlador/AppController.php
[2025-06-19 00:47:18] Archivo del controlador no encontrado: controlador/AppController.php
[2025-06-19 00:47:18] Archivo del controlador no encontrado: controlador/AppController.php
[2025-06-19 00:47:52] Archivo del controlador no encontrado: controlador/AppController.php
[2025-06-19 00:47:52] Archivo del controlador no encontrado: controlador/AppController.php
[2025-06-19 00:47:52] Archivo del controlador no encontrado: controlador/AppController.php
[2025-06-19 00:47:54] Archivo del controlador no encontrado: controlador/AppController.php
[2025-06-19 00:47:54] Archivo del controlador no encontrado: controlador/AppController.php
[2025-06-19 00:47:54] Archivo del controlador no encontrado: controlador/AppController.php
[2025-06-19 00:55:03] Archivo del controlador no encontrado: controlador/AppController.php
[2025-06-19 00:55:04] Archivo del controlador no encontrado: controlador/AppController.php
[2025-06-19 00:55:04] Archivo del controlador no encontrado: controlador/AppController.php
[2025-06-19 00:55:10] Archivo del controlador no encontrado: controlador/AppController.php
[2025-06-19 00:55:41] Archivo del controlador no encontrado: controlador/AppController.php
[2025-06-19 00:55:41] Error en la preparación de la consulta: Unknown column 'estado_cot_id' in 'field list' - SQL: SELECT
                    estado_cot_id   AS id,
                    descripcion,
                    DATE_FORMAT(created_at, '%Y-%m-%d %H:%i') AS created_at,
                    DATE_FORMAT(updated_at, '%Y-%m-%d %H:%i') AS updated_at,
                    is_active
                FROM estado_cotizacion
               ORDER BY descripcion
[2025-06-19 00:55:42] Archivo del controlador no encontrado: controlador/AppController.php
[2025-06-19 00:55:42] Error en la preparación de la consulta: Unknown column 'estado_cot_id' in 'field list' - SQL: SELECT
                    estado_cot_id   AS id,
                    descripcion,
                    DATE_FORMAT(created_at, '%Y-%m-%d %H:%i') AS created_at,
                    DATE_FORMAT(updated_at, '%Y-%m-%d %H:%i') AS updated_at,
                    is_active
                FROM estado_cotizacion
               ORDER BY descripcion
[2025-06-19 00:55:44] Archivo del controlador no encontrado: controlador/AppController.php
[2025-06-19 00:55:44] Error en la preparación de la consulta: Unknown column 'estado_cot_id' in 'field list' - SQL: SELECT
                    estado_cot_id   AS id,
                    descripcion,
                    DATE_FORMAT(created_at, '%Y-%m-%d %H:%i') AS created_at,
                    DATE_FORMAT(updated_at, '%Y-%m-%d %H:%i') AS updated_at,
                    is_active
                FROM estado_cotizacion
               ORDER BY descripcion
[2025-06-19 00:55:45] Archivo del controlador no encontrado: controlador/AppController.php
[2025-06-19 00:55:46] Error en la preparación de la consulta: Unknown column 'estado_cot_id' in 'field list' - SQL: SELECT
                    estado_cot_id   AS id,
                    descripcion,
                    DATE_FORMAT(created_at, '%Y-%m-%d %H:%i') AS created_at,
                    DATE_FORMAT(updated_at, '%Y-%m-%d %H:%i') AS updated_at,
                    is_active
                FROM estado_cotizacion
               ORDER BY descripcion
[2025-06-19 00:55:50] Error en la preparación de la consulta: Unknown column 'estado_cot_id' in 'field list' - SQL: SELECT
                    estado_cot_id   AS id,
                    descripcion,
                    DATE_FORMAT(created_at, '%Y-%m-%d %H:%i') AS created_at,
                    DATE_FORMAT(updated_at, '%Y-%m-%d %H:%i') AS updated_at,
                    is_active
                FROM estado_cotizacion
               ORDER BY descripcion
[2025-06-19 00:56:30] Archivo del controlador no encontrado: controlador/AppController.php
[2025-06-19 00:56:30] Error en la preparación de la consulta: Unknown column 'estado_cot_id' in 'field list' - SQL: SELECT
                    estado_cot_id   AS id,
                    descripcion,
                    DATE_FORMAT(created_at, '%Y-%m-%d %H:%i') AS created_at,
                    DATE_FORMAT(updated_at, '%Y-%m-%d %H:%i') AS updated_at,
                    is_active
                FROM estado_cotizacion
               ORDER BY descripcion
[2025-06-19 00:56:35] Archivo del controlador no encontrado: controlador/AppController.php
[2025-06-19 00:56:35] Archivo del controlador no encontrado: controlador/AppController.php
[2025-06-19 00:57:31] Archivo del controlador no encontrado: controlador/AppController.php
[2025-06-19 00:57:31] Archivo del controlador no encontrado: controlador/AppController.php
[2025-06-19 00:57:31] Archivo del controlador no encontrado: controlador/AppController.php
[2025-06-19 00:57:31] Error en la preparación de la consulta: Unknown column 'estado_cot_id' in 'field list' - SQL: SELECT
                    estado_cot_id   AS id,
                    descripcion,
                    DATE_FORMAT(created_at, '%Y-%m-%d %H:%i') AS created_at,
                    DATE_FORMAT(updated_at, '%Y-%m-%d %H:%i') AS updated_at,
                    is_active
                FROM estado_cotizacion
               ORDER BY descripcion
[2025-06-19 00:57:51] Archivo del controlador no encontrado: controlador/AppController.php
[2025-06-19 00:57:51] Archivo del controlador no encontrado: controlador/AppController.php
[2025-06-19 00:57:51] Archivo del controlador no encontrado: controlador/AppController.php
[2025-06-19 00:57:51] Error en la preparación de la consulta: Unknown column 'estado_cot_id' in 'field list' - SQL: SELECT
                    estado_cot_id   AS id,
                    descripcion,
                    DATE_FORMAT(created_at, '%Y-%m-%d %H:%i') AS created_at,
                    DATE_FORMAT(updated_at, '%Y-%m-%d %H:%i') AS updated_at,
                    is_active
                FROM estado_cotizacion
               ORDER BY descripcion
[2025-06-19 01:08:09] Archivo del controlador no encontrado: controlador/AppController.php
[2025-06-19 01:08:09] Archivo del controlador no encontrado: controlador/AppController.php
[2025-06-19 01:08:09] Archivo del controlador no encontrado: controlador/AppController.php
[2025-06-19 01:08:09] Error en la preparación de la consulta: Unknown column 'estado_cot_id' in 'field list' - SQL: SELECT
                    estado_cot_id   AS id,
                    descripcion,
                    DATE_FORMAT(created_at, '%Y-%m-%d %H:%i') AS created_at,
                    DATE_FORMAT(updated_at, '%Y-%m-%d %H:%i') AS updated_at,
                    is_active
                  FROM estado_cotizacion
                 ORDER BY descripcion
[2025-06-19 01:08:11] Archivo del controlador no encontrado: controlador/AppController.php
[2025-06-19 01:08:11] Archivo del controlador no encontrado: controlador/AppController.php
[2025-06-19 01:08:12] Archivo del controlador no encontrado: controlador/AppController.php
[2025-06-19 01:08:12] Error en la preparación de la consulta: Unknown column 'estado_cot_id' in 'field list' - SQL: SELECT
                    estado_cot_id   AS id,
                    descripcion,
                    DATE_FORMAT(created_at, '%Y-%m-%d %H:%i') AS created_at,
                    DATE_FORMAT(updated_at, '%Y-%m-%d %H:%i') AS updated_at,
                    is_active
                  FROM estado_cotizacion
                 ORDER BY descripcion
[2025-06-19 01:16:06] Archivo del controlador no encontrado: controlador/AppController.php
[2025-06-19 01:16:06] Archivo del controlador no encontrado: controlador/AppController.php
[2025-06-19 01:16:07] Archivo del controlador no encontrado: controlador/AppController.php
[2025-06-19 01:16:07] Error en la preparación de la consulta: Unknown column 'estado_cot_id' in 'field list' - SQL: SELECT estado_cot_id AS id, descripcion,
              DATE_FORMAT(created_at,'%Y-%m-%d %H:%i') AS created_at,
              DATE_FORMAT(updated_at,'%Y-%m-%d %H:%i') AS updated_at,
              is_active
       FROM estado_cotizacion ORDER BY descripcion
[2025-06-19 01:16:09] Archivo del controlador no encontrado: controlador/AppController.php
[2025-06-19 01:16:09] Archivo del controlador no encontrado: controlador/AppController.php
[2025-06-19 01:16:09] Archivo del controlador no encontrado: controlador/AppController.php
[2025-06-19 01:16:09] Archivo del controlador no encontrado: controlador/ControladorController.php
[2025-06-19 01:16:09] Archivo del controlador no encontrado: controlador/ControladorController.php
[2025-06-19 01:16:09] Archivo del controlador no encontrado: controlador/ControladorController.php
[2025-06-19 01:16:09] Archivo del controlador no encontrado: controlador/ControladorController.php
[2025-06-19 01:16:09] Archivo del controlador no encontrado: controlador/ControladorController.php
[2025-06-19 01:16:28] Archivo del controlador no encontrado: controlador/ControladorController.php
[2025-06-19 01:16:29] Archivo del controlador no encontrado: controlador/ControladorController.php
[2025-06-19 01:16:34] Archivo del controlador no encontrado: controlador/ControladorController.php
[2025-06-19 01:16:39] Archivo del controlador no encontrado: controlador/ControladorController.php
[2025-06-19 01:16:44] Archivo del controlador no encontrado: controlador/ControladorController.php
[2025-06-19 01:16:44] Archivo del controlador no encontrado: controlador/ControladorController.php
[2025-06-19 01:17:11] Archivo del controlador no encontrado: controlador/AppController.php
[2025-06-19 01:17:12] Archivo del controlador no encontrado: controlador/ControladorController.php
[2025-06-19 01:17:12] Archivo del controlador no encontrado: controlador/ControladorController.php
[2025-06-19 01:17:12] Archivo del controlador no encontrado: controlador/ControladorController.php
[2025-06-19 01:17:12] Archivo del controlador no encontrado: controlador/ControladorController.php
[2025-06-19 01:17:12] Archivo del controlador no encontrado: controlador/ControladorController.php
[2025-06-19 01:18:31] Archivo del controlador no encontrado: controlador/AppController.php
[2025-06-19 01:18:31] Archivo del controlador no encontrado: controlador/ControladorController.php
[2025-06-19 01:18:31] Archivo del controlador no encontrado: controlador/ControladorController.php
[2025-06-19 01:18:31] Archivo del controlador no encontrado: controlador/ControladorController.php
[2025-06-19 01:18:31] Archivo del controlador no encontrado: controlador/ControladorController.php
[2025-06-19 01:18:31] Archivo del controlador no encontrado: controlador/ControladorController.php
[2025-06-19 01:18:39] Archivo del controlador no encontrado: controlador/ControladorController.php
[2025-06-19 01:18:43] Archivo del controlador no encontrado: controlador/ControladorController.php
[2025-06-19 01:18:43] Archivo del controlador no encontrado: controlador/ControladorController.php
[2025-06-19 01:18:48] Archivo del controlador no encontrado: controlador/AppController.php
[2025-06-19 01:18:48] Archivo del controlador no encontrado: controlador/ControladorController.php
[2025-06-19 01:18:48] Archivo del controlador no encontrado: controlador/ControladorController.php
[2025-06-19 01:18:48] Archivo del controlador no encontrado: controlador/ControladorController.php
[2025-06-19 01:18:48] Archivo del controlador no encontrado: controlador/ControladorController.php
[2025-06-19 01:18:48] Archivo del controlador no encontrado: controlador/ControladorController.php
[2025-06-19 01:18:56] Archivo del controlador no encontrado: controlador/AppController.php
[2025-06-19 01:18:56] Archivo del controlador no encontrado: controlador/AppController.php
[2025-06-19 01:19:07] Archivo del controlador no encontrado: controlador/AppController.php
[2025-06-19 01:19:08] Archivo del controlador no encontrado: controlador/AppController.php
[2025-06-19 01:19:08] Archivo del controlador no encontrado: controlador/AppController.php
[2025-06-19 01:19:08] Archivo del controlador no encontrado: controlador/ControladorController.php
[2025-06-19 01:19:08] Archivo del controlador no encontrado: controlador/ControladorController.php
[2025-06-19 01:19:08] Archivo del controlador no encontrado: controlador/ControladorController.php
[2025-06-19 01:19:08] Archivo del controlador no encontrado: controlador/ControladorController.php
[2025-06-19 01:19:08] Archivo del controlador no encontrado: controlador/ControladorController.php
[2025-06-19 01:20:19] Archivo del controlador no encontrado: controlador/AppController.php
[2025-06-19 01:20:19] Archivo del controlador no encontrado: controlador/AppController.php
[2025-06-19 01:20:19] Archivo del controlador no encontrado: controlador/AppController.php
[2025-06-19 01:20:19] Error en la preparación de la consulta: Unknown column 'estado_cot_id' in 'field list' - SQL: SELECT estado_cot_id AS id, descripcion,
              DATE_FORMAT(created_at,'%Y-%m-%d %H:%i') AS created_at,
              DATE_FORMAT(updated_at,'%Y-%m-%d %H:%i') AS updated_at,
              is_active
       FROM estado_cotizacion ORDER BY descripcion
[2025-06-19 01:23:17] Archivo del controlador no encontrado: controlador/AppController.php
[2025-06-19 01:23:17] Archivo del controlador no encontrado: controlador/AppController.php
[2025-06-19 01:23:17] Archivo del controlador no encontrado: controlador/AppController.php
[2025-06-19 01:23:42] Archivo del controlador no encontrado: controlador/AppController.php
[2025-06-19 01:23:43] Archivo del controlador no encontrado: controlador/AppController.php
[2025-06-19 01:23:43] Archivo del controlador no encontrado: controlador/AppController.php
[2025-06-19 01:25:16] Archivo del controlador no encontrado: controlador/AppController.php
[2025-06-19 01:25:16] Archivo del controlador no encontrado: controlador/AppController.php
[2025-06-19 01:25:16] Archivo del controlador no encontrado: controlador/AppController.php
[2025-06-19 01:28:54] Archivo del controlador no encontrado: controlador/AppController.php
[2025-06-19 01:28:54] Archivo del controlador no encontrado: controlador/AppController.php
[2025-06-19 01:28:55] Archivo del controlador no encontrado: controlador/AppController.php
[2025-06-19 01:29:04] Archivo del controlador no encontrado: controlador/AppController.php
[2025-06-19 01:29:04] Archivo del controlador no encontrado: controlador/AppController.php
[2025-06-19 01:29:04] Archivo del controlador no encontrado: controlador/AppController.php
[2025-06-19 01:29:05] Archivo del controlador no encontrado: controlador/AppController.php
[2025-06-19 01:29:05] Archivo del controlador no encontrado: controlador/AppController.php
[2025-06-19 01:29:05] Archivo del controlador no encontrado: controlador/AppController.php
[2025-06-19 01:30:32] Archivo del controlador no encontrado: controlador/AppController.php
[2025-06-19 01:30:32] Archivo del controlador no encontrado: controlador/AppController.php
[2025-06-19 01:30:32] Archivo del controlador no encontrado: controlador/AppController.php
[2025-06-19 01:30:37] Archivo del controlador no encontrado: controlador/AppController.php
[2025-06-19 01:30:37] Archivo del controlador no encontrado: controlador/AppController.php
[2025-06-19 01:30:37] Archivo del controlador no encontrado: controlador/AppController.php
[2025-06-19 01:46:03] Archivo del controlador no encontrado: controlador/AppController.php
[2025-06-19 01:46:04] Archivo del controlador no encontrado: controlador/AppController.php
[2025-06-19 01:46:04] Archivo del controlador no encontrado: controlador/AppController.php
[2025-06-19 01:51:09] Archivo del controlador no encontrado: controlador/AppController.php
[2025-06-19 01:51:10] Archivo del controlador no encontrado: controlador/AppController.php
[2025-06-19 01:51:10] Archivo del controlador no encontrado: controlador/AppController.php
[2025-06-19 01:52:23] Archivo del controlador no encontrado: controlador/AppController.php
[2025-06-19 01:52:23] Archivo del controlador no encontrado: controlador/AppController.php
[2025-06-19 01:52:23] Archivo del controlador no encontrado: controlador/AppController.php
[2025-06-19 01:57:13] Archivo del controlador no encontrado: controlador/AppController.php
[2025-06-19 01:57:14] Archivo del controlador no encontrado: controlador/AppController.php
[2025-06-19 01:57:14] Archivo del controlador no encontrado: controlador/AppController.php
[2025-06-19 01:57:23] Archivo del controlador no encontrado: controlador/AppController.php
[2025-06-19 01:57:23] Archivo del controlador no encontrado: controlador/AppController.php
[2025-06-19 01:57:23] Archivo del controlador no encontrado: controlador/AppController.php
[2025-06-19 02:00:17] Archivo del controlador no encontrado: controlador/AppController.php
[2025-06-19 02:00:17] Archivo del controlador no encontrado: controlador/AppController.php
[2025-06-19 02:00:17] Archivo del controlador no encontrado: controlador/AppController.php
[2025-06-19 02:00:18] Archivo del controlador no encontrado: controlador/AppController.php
[2025-06-19 02:00:18] Archivo del controlador no encontrado: controlador/AppController.php
[2025-06-19 02:00:18] Archivo del controlador no encontrado: controlador/AppController.php
[2025-06-19 02:01:15] Archivo del controlador no encontrado: controlador/AppController.php
[2025-06-19 02:01:16] Archivo del controlador no encontrado: controlador/AppController.php
[2025-06-19 02:01:16] Archivo del controlador no encontrado: controlador/AppController.php
[2025-06-19 02:03:44] Archivo del controlador no encontrado: controlador/AppController.php
[2025-06-19 02:03:45] Archivo del controlador no encontrado: controlador/AppController.php
[2025-06-19 02:03:45] Archivo del controlador no encontrado: controlador/AppController.php
[2025-06-19 02:03:59] Archivo del controlador no encontrado: controlador/AppController.php
[2025-06-19 02:03:59] Archivo del controlador no encontrado: controlador/AppController.php
[2025-06-19 02:03:59] Archivo del controlador no encontrado: controlador/AppController.php
[2025-06-19 02:05:54] Archivo del controlador no encontrado: controlador/AppController.php
[2025-06-19 02:05:54] Archivo del controlador no encontrado: controlador/AppController.php
[2025-06-19 02:05:54] Archivo del controlador no encontrado: controlador/AppController.php
[2025-06-19 02:07:22] Archivo del controlador no encontrado: controlador/AppController.php
[2025-06-19 02:07:22] Archivo del controlador no encontrado: controlador/AppController.php
[2025-06-19 02:07:22] Archivo del controlador no encontrado: controlador/AppController.php
[2025-06-19 02:08:44] Archivo del controlador no encontrado: controlador/AppController.php
[2025-06-19 02:08:44] Archivo del controlador no encontrado: controlador/AppController.php
[2025-06-19 02:08:44] Archivo del controlador no encontrado: controlador/AppController.php
[2025-06-19 02:08:45] Archivo del controlador no encontrado: controlador/AppController.php
[2025-06-19 02:08:46] Archivo del controlador no encontrado: controlador/AppController.php
[2025-06-19 02:08:46] Archivo del controlador no encontrado: controlador/AppController.php
[2025-06-19 02:09:36] Archivo del controlador no encontrado: controlador/AppController.php
[2025-06-19 02:09:36] Archivo del controlador no encontrado: controlador/AppController.php
[2025-06-19 02:09:36] Archivo del controlador no encontrado: controlador/AppController.php
[2025-06-19 02:11:59] Archivo del controlador no encontrado: controlador/AppController.php
[2025-06-19 02:11:59] Archivo del controlador no encontrado: controlador/AppController.php
[2025-06-19 02:11:59] Archivo del controlador no encontrado: controlador/AppController.php
[2025-06-19 02:12:01] Archivo del controlador no encontrado: controlador/AppController.php
[2025-06-19 02:12:02] Archivo del controlador no encontrado: controlador/AppController.php
[2025-06-19 02:12:02] Archivo del controlador no encontrado: controlador/AppController.php
[2025-06-19 02:12:03] Archivo del controlador no encontrado: controlador/AppController.php
[2025-06-19 02:12:03] Archivo del controlador no encontrado: controlador/AppController.php
[2025-06-19 02:12:03] Archivo del controlador no encontrado: controlador/AppController.php
[2025-06-19 02:13:42] Archivo del controlador no encontrado: controlador/AppController.php
[2025-06-19 02:13:42] Archivo del controlador no encontrado: controlador/AppController.php
[2025-06-19 02:13:42] Archivo del controlador no encontrado: controlador/AppController.php
[2025-06-19 02:13:43] Archivo del controlador no encontrado: controlador/AppController.php
[2025-06-19 02:13:43] Archivo del controlador no encontrado: controlador/AppController.php
[2025-06-19 02:13:43] Archivo del controlador no encontrado: controlador/AppController.php
[2025-06-19 02:13:52] Archivo del controlador no encontrado: controlador/AppController.php
[2025-06-19 02:13:52] Archivo del controlador no encontrado: controlador/AppController.php
[2025-06-19 02:13:52] Archivo del controlador no encontrado: controlador/AppController.php
[2025-06-19 02:13:53] Archivo del controlador no encontrado: controlador/AppController.php
[2025-06-19 02:13:53] Archivo del controlador no encontrado: controlador/AppController.php
[2025-06-19 02:13:53] Archivo del controlador no encontrado: controlador/AppController.php
[2025-06-19 02:14:31] Archivo del controlador no encontrado: controlador/AppController.php
[2025-06-19 02:14:31] Archivo del controlador no encontrado: controlador/AppController.php
[2025-06-19 02:14:31] Archivo del controlador no encontrado: controlador/AppController.php
[2025-06-19 02:20:21] Archivo del controlador no encontrado: controlador/AppController.php
[2025-06-19 02:20:28] Archivo del controlador no encontrado: controlador/AppController.php
[2025-06-19 02:20:28] Error en la preparación de la consulta: Table 'pacific_compressor.equipo' doesn't exist - SQL: SELECT e.*, cl.nombre AS planta, et.descripcion AS estado
                  FROM equipo e
             LEFT JOIN cliente_local cl ON e.cliente_local_id = cl.id
             LEFT JOIN estado_equipos et ON e.estado_id = et.id
             ORDER BY e.id DESC
[2025-06-19 02:20:33] Archivo del controlador no encontrado: controlador/AppController.php
[2025-06-19 02:21:44] Archivo del controlador no encontrado: controlador/AppController.php
[2025-06-19 02:21:48] Archivo del controlador no encontrado: controlador/AppController.php
[2025-06-19 02:22:10] Archivo del controlador no encontrado: controlador/AppController.php
[2025-06-19 02:22:11] Archivo del controlador no encontrado: controlador/AppController.php
[2025-06-19 02:22:14] Archivo del controlador no encontrado: controlador/AppController.php
[2025-06-19 02:23:39] Archivo del controlador no encontrado: controlador/AppController.php
[2025-06-19 02:23:39] Error en la preparación de la consulta: Table 'pacific_compressor.guia_rem_motivotraslado' doesn't exist - SQL: SELECT * FROM guia_rem_motivotraslado ORDER BY descripcion
